plugins/whatsapp-share/android/build/intermediates/manifest_merge_blame_file/debug/processDebugManifest/manifest-merger-blame-debug-report.txt
1<?xml version="1.0" encoding="utf-8"?>
2<manifest xmlns:android="http://schemas.android.com/apk/res/android"
3    package="in.yesweigh.whatsappshare" >
4
5    <uses-sdk android:minSdkVersion="24" />
6    <!-- Android 9 and below: write into Pictures/YesWeigh. Android 10+ uses MediaStore. -->
7    <uses-permission
7-->src\main\AndroidManifest.xml:4:5-6:38
8        android:name="android.permission.WRITE_EXTERNAL_STORAGE"
8-->src\main\AndroidManifest.xml:5:9-65
9        android:maxSdkVersion="28" />
9-->src\main\AndroidManifest.xml:6:9-35
10    <!-- Android 11+ package visibility for WhatsApp -->
11    <queries>
11-->src\main\AndroidManifest.xml:8:5-15:15
12        <package android:name="com.whatsapp" />
12-->src\main\AndroidManifest.xml:9:9-48
12-->src\main\AndroidManifest.xml:9:18-45
13        <package android:name="com.whatsapp.w4b" />
13-->src\main\AndroidManifest.xml:10:9-52
13-->src\main\AndroidManifest.xml:10:18-49
14
15        <intent>
15-->src\main\AndroidManifest.xml:11:9-14:18
16            <action android:name="android.intent.action.SEND" />
16-->src\main\AndroidManifest.xml:12:13-65
16-->src\main\AndroidManifest.xml:12:21-62
17
18            <data android:mimeType="image/*" />
18-->src\main\AndroidManifest.xml:13:13-48
18-->src\main\AndroidManifest.xml:13:19-45
19        </intent>
20    </queries>
21
22</manifest>